app-basic/build/intermediates/manifest_merge_blame_file/release/manifest-merger-blame-release-report.txt
1<?xml version="1.0" encoding="utf-8"?>
2<manifest xmlns:android="http://schemas.android.com/apk/res/android"
3    package="com.combokey.basic"
4    android:installLocation="internalOnly"
5    android:versionCode="56"
6    android:versionName="5.6" >
7
8    <uses-sdk
9        android:minSdkVersion="14"
9-->src/main/AndroidManifest.xml
10        android:targetSdkVersion="28" />
10-->src/main/AndroidManifest.xml
11    <!--
12         Do not move app to SD Card (internalOnly)
13         so you can have ComboKey kbd still active after reboot, 2017-10
14    -->
15    <!-- Target Sdk Version ("29") is defined in Module build.gradle from now on -->
16    <uses-permission android:name="android.permission.VIBRATE" />
16-->src/main/AndroidManifest.xml:10:5-66
16-->src/main/AndroidManifest.xml:10:22-63
17    <uses-permission android:name="android.permission.READ_EXTERNAL_STORAGE" />
17-->src/main/AndroidManifest.xml:11:5-80
17-->src/main/AndroidManifest.xml:11:22-77
18    <uses-permission android:name="android.permission.WRITE_EXTERNAL_STORAGE" />
18-->src/main/AndroidManifest.xml:12:5-81
18-->src/main/AndroidManifest.xml:12:22-78
19    <!-- Permissions required on older devices (Android 5.1 and lower, = API 22 and lower): -->
20    <uses-permission
20-->src/main/AndroidManifest.xml:14:5-106
21        android:name="android.permission.READ_USER_DICTIONARY"
21-->src/main/AndroidManifest.xml:14:22-76
22        android:maxSdkVersion="22" />
22-->src/main/AndroidManifest.xml:14:77-103
23    <uses-permission
23-->src/main/AndroidManifest.xml:15:5-107
24        android:name="android.permission.WRITE_USER_DICTIONARY"
24-->src/main/AndroidManifest.xml:15:22-77
25        android:maxSdkVersion="22" />
25-->src/main/AndroidManifest.xml:15:78-104
26    <!-- For speech recognizer: -->
27    <uses-permission android:name="android.permission.RECORD_AUDIO" />
27-->src/main/AndroidManifest.xml:17:5-71
27-->src/main/AndroidManifest.xml:17:22-68
28    <uses-permission android:name="android.permission.INTERNET" />
28-->src/main/AndroidManifest.xml:18:5-67
28-->src/main/AndroidManifest.xml:18:22-64
29
30    <!-- v3.8: External storage no more required to be used because it is not accessible an all devices. -->
31    <!-- getFilesDir() is used instead of Environment.getExternalStorageDirectory() if the latter is not available -->
32    <!-- 32-bit old name was org.qtproject.qt5.android.bindings.QtApplication -->
33    <!-- new name must be com.gkos.combokey.CMBOKeyboardApplication, so cannot update old app, just new app -->
34    <application
34-->src/main/AndroidManifest.xml:23:5-99:19
35        android:name="com.combokey.basic.CMBOKeyboardApplication"
35-->src/main/AndroidManifest.xml:25:9-66
36        android:allowBackup="true"
36-->src/main/AndroidManifest.xml:26:9-35
37        android:appComponentFactory="android.support.v4.app.CoreComponentFactory"
37-->[com.android.support:support-compat:28.0.0] AndroidManifest.xml:22:18-91
38        android:fullBackupContent="@xml/backup_descriptor"
38-->src/main/AndroidManifest.xml:31:9-59
39        android:icon="@drawable/icon_basic_512"
39-->src/main/AndroidManifest.xml:27:9-48
40        android:installLocation="auto"
40-->src/main/AndroidManifest.xml:28:9-39
41        android:label="@string/app_name"
41-->src/main/AndroidManifest.xml:29:9-41
42        android:supportsRtl="false" >
42-->src/main/AndroidManifest.xml:30:9-36
43
44        <!-- Rtl: right-to-left-support not needed (no such language on settings yet) -->
45
46        <activity
46-->src/main/AndroidManifest.xml:34:9-63:20
47            android:name="com.combokey.basic.CMBOKeyboardActivity"
47-->src/main/AndroidManifest.xml:38:13-67
48            android:imeOptions="flagNoExtractUi"
48-->src/main/AndroidManifest.xml:36:13-49
49            android:label="@string/app_icon_name"
49-->src/main/AndroidManifest.xml:39:13-50
50            android:theme="@android:style/Theme.Wallpaper"
50-->src/main/AndroidManifest.xml:40:13-59
51            android:windowSoftInputMode="stateAlwaysVisible" >
51-->src/main/AndroidManifest.xml:37:13-61
52
53            <!-- android:theme="@android:style/Theme.WallpaperSettings" -->
54
55            <intent-filter>
55-->src/main/AndroidManifest.xml:43:13-46:33
56                <action android:name="android.intent.action.MAIN" />
56-->src/main/AndroidManifest.xml:44:21-73
56-->src/main/AndroidManifest.xml:44:29-70
57
58                <category android:name="android.intent.category.LAUNCHER" />
58-->src/main/AndroidManifest.xml:45:21-81
58-->src/main/AndroidManifest.xml:45:31-78
59            </intent-filter>
60            <intent-filter android:label="@string/filter_title_viewcombokeycom" >
60-->src/main/AndroidManifest.xml:48:13-61:29
60-->src/main/AndroidManifest.xml:48:28-80
61                <action android:name="android.intent.action.VIEW" />
61-->src/main/AndroidManifest.xml:49:17-69
61-->src/main/AndroidManifest.xml:49:25-66
62
63                <category android:name="android.intent.category.DEFAULT" />
63-->src/main/AndroidManifest.xml:50:17-76
63-->src/main/AndroidManifest.xml:50:27-73
64                <category android:name="android.intent.category.BROWSABLE" />
64-->src/main/AndroidManifest.xml:51:17-78
64-->src/main/AndroidManifest.xml:51:27-75
65                <!-- Accepts URIs that begin with "http://www.example.com/gizmos” -->
66                <data
66-->src/main/AndroidManifest.xml:53:17-55:56
67                    android:host="www.combokey.com"
67-->src/main/AndroidManifest.xml:54:21-52
68                    android:pathPrefix="/actionview"
68-->src/main/AndroidManifest.xml:55:21-53
69                    android:scheme="http" />
69-->src/main/AndroidManifest.xml:53:23-44
70                <data
70-->src/main/AndroidManifest.xml:53:17-55:56
71                    android:host="combokey.com"
71-->src/main/AndroidManifest.xml:54:21-52
72                    android:pathPrefix="/actionview"
72-->src/main/AndroidManifest.xml:55:21-53
73                    android:scheme="http" />
73-->src/main/AndroidManifest.xml:53:23-44
74                <!-- Deep links added 2019-01 -->
75                <!-- note that the leading "/" is required for pathPrefix -->
76            </intent-filter>
77        </activity>
78
79        <service
79-->src/main/AndroidManifest.xml:65:9-79:19
80            android:name="com.combokey.basic.CMBOKeyboardService"
80-->src/main/AndroidManifest.xml:66:17-70
81            android:imeOptions="flagNoExtractUi"
81-->src/main/AndroidManifest.xml:68:17-53
82            android:label="@string/kbd_service_name_in_device_settings"
82-->src/main/AndroidManifest.xml:67:17-76
83            android:permission="android.permission.BIND_INPUT_METHOD" >
83-->src/main/AndroidManifest.xml:69:17-74
84            <intent-filter>
84-->src/main/AndroidManifest.xml:70:17-73:33
85                <action android:name="android.view.InputMethod" />
85-->src/main/AndroidManifest.xml:71:21-71
85-->src/main/AndroidManifest.xml:71:29-68
86                <action android:name="android.intent.action.BOOT_COMPLETED" />
86-->src/main/AndroidManifest.xml:72:21-82
86-->src/main/AndroidManifest.xml:72:29-80
87            </intent-filter>
88            <!-- Activate keyboard service after reboot 2017-10 -->
89
90            <meta-data
90-->src/main/AndroidManifest.xml:76:17-78:54
91                android:name="android.view.im"
91-->src/main/AndroidManifest.xml:77:21-51
92                android:resource="@xml/method" />
92-->src/main/AndroidManifest.xml:78:21-51
93        </service>
94
95        <activity
95-->src/main/AndroidManifest.xml:81:9-85:20
96            android:name="com.combokey.basic.CMBOPreferencesActivity"
96-->src/main/AndroidManifest.xml:82:13-70
97            android:label="@string/settings_header"
97-->src/main/AndroidManifest.xml:84:13-52
98            android:theme="@android:style/Theme.Holo" >
98-->src/main/AndroidManifest.xml:83:13-54
99        </activity>
100        <activity
100-->src/main/AndroidManifest.xml:87:9-91:20
101            android:name="com.combokey.basic.CMBOSpeechRecognizer"
101-->src/main/AndroidManifest.xml:88:13-67
102            android:label="@string/header_voice_typing"
102-->src/main/AndroidManifest.xml:89:13-56
103            android:theme="@android:style/Theme.Wallpaper" >
103-->src/main/AndroidManifest.xml:90:13-59
104        </activity>
105        <activity
105-->src/main/AndroidManifest.xml:93:9-97:20
106            android:name="com.combokey.basic.CMBONotes"
106-->src/main/AndroidManifest.xml:94:13-56
107            android:label="@string/flashtext_notes"
107-->src/main/AndroidManifest.xml:95:13-52
108            android:theme="@android:style/Theme.Wallpaper" >
108-->src/main/AndroidManifest.xml:96:13-59
109        </activity>
110    </application>
111
112</manifest> <!-- android:windowSoftInputMode="stateHidden" -->